{
  "RSpec": {
    "coverage": {
      "/home/studinf/jmikucka/Ruby/projekt2/RubyTAR2/lib/author.rb": [
        null,
        1,
        1,
        null,
        1,
        18,
        18,
        18,
        18,
        18,
        null,
        null,
        1,
        1,
        1,
        1,
        null,
        1,
        1,
        1,
        null,
        null,
        1,
        0,
        0,
        0,
        0,
        null,
        null,
        0,
        null,
        null
      ],
      "/home/studinf/jmikucka/Ruby/projekt2/RubyTAR2/lib/book.rb": [
        null,
        1,
        1,
        null,
        1,
        17,
        17,
        17,
        17,
        17,
        17,
        null,
        null,
        1,
        10,
        null,
        null,
        1,
        1,
        null,
        null,
        1,
        1,
        1,
        1,
        1,
        1,
        1,
        0,
        null,
        1,
        null,
        null
      ],
      "/home/studinf/jmikucka/Ruby/projekt2/RubyTAR2/lib/to_a.rb": [
        1,
        1,
        1,
        1,
        null,
        null,
        1,
        1,
        2,
        2,
        2,
        2,
        8,
        8,
        8,
        null,
        2,
        null,
        null,
        1,
        2,
        2,
        2,
        2,
        8,
        8,
        8,
        8,
        10,
        null,
        8,
        null,
        2,
        null,
        null
      ],
      "/home/studinf/jmikucka/Ruby/projekt2/RubyTAR2/lib/menu.rb": [
        null,
        1,
        1,
        null,
        1,
        6,
        6,
        6,
        6,
        6,
        6,
        6,
        null,
        null,
        1,
        2,
        null,
        null,
        1,
        1,
        1,
        null,
        null
      ],
      "/home/studinf/jmikucka/Ruby/projekt2/RubyTAR2/lib/print.rb": [
        1,
        1,
        null,
        null,
        1,
        1,
        0,
        0,
        0,
        null,
        null,
        null,
        1,
        0,
        0,
        null,
        null,
        null
      ],
      "/home/studinf/jmikucka/Ruby/projekt2/RubyTAR2/spec/book_spec.rb": [
        1,
        null,
        1,
        1,
        9,
        null,
        1,
        1,
        2,
        null,
        1,
        2,
        null,
        1,
        2,
        null,
        1,
        2,
        null,
        1,
        2,
        null,
        1,
        2,
        null,
        1,
        2,
        null,
        1,
        2,
        null,
        null,
        1,
        1,
        2,
        null,
        null,
        1,
        1,
        2,
        null,
        null,
        null
      ],
      "/home/studinf/jmikucka/Ruby/projekt2/RubyTAR2/spec/menu_spec.rb": [
        1,
        null,
        1,
        7,
        null,
        1,
        1,
        2,
        null,
        1,
        2,
        null,
        1,
        2,
        null,
        null,
        1,
        1,
        2,
        null,
        1,
        2,
        null,
        null,
        1,
        1,
        2,
        null,
        null,
        null
      ],
      "/home/studinf/jmikucka/Ruby/projekt2/RubyTAR2/spec/toarray_spec.rb": [
        1,
        null,
        1,
        3,
        3,
        5,
        3,
        3,
        null,
        1,
        1,
        2,
        null,
        1,
        2,
        null,
        null,
        1,
        1,
        null,
        2,
        null,
        1,
        2,
        null,
        null,
        null
      ]
    },
    "timestamp": 1483957297
  }
}
